c:\users\arielh\source\repos\dronesimulation\solution\dronesimulation\x64\debug\vc143.pdb
c:\users\arielh\source\repos\dronesimulation\solution\dronesimulation\x64\debug\vc143.idb
c:\users\arielh\source\repos\dronesimulation\solution\dronesimulation\x64\debug\location.obj
c:\users\arielh\source\repos\dronesimulation\solution\dronesimulation\x64\debug\dronesimulation.obj
c:\users\arielh\source\repos\dronesimulation\solution\dronesimulation\x64\debug\requestimagemessage.obj
c:\users\arielh\source\repos\dronesimulation\solution\dronesimulation\x64\debug\imagemessage.obj
c:\users\arielh\source\repos\dronesimulation\solution\x64\debug\dronesimulation.exe
c:\users\arielh\source\repos\dronesimulation\solution\dronesimulation\x64\debug\dronesimulation.ilk
c:\users\arielh\source\repos\dronesimulation\solution\x64\debug\dronesimulation.pdb
c:\users\arielh\source\repos\dronesimulation\solution\dronesimulation\x64\debug\dronesimulation.res
c:\users\arielh\source\repos\dronesimulation\solution\dronesimulation\x64\debug\dronesimulation.obj.enc
c:\users\arielh\source\repos\dronesimulation\solution\dronesimulation\x64\debug\dronesimulation.tlog\cl.command.1.tlog
c:\users\arielh\source\repos\dronesimulation\solution\dronesimulation\x64\debug\dronesimulation.tlog\cl.read.1.tlog
c:\users\arielh\source\repos\dronesimulation\solution\dronesimulation\x64\debug\dronesimulation.tlog\cl.write.1.tlog
c:\users\arielh\source\repos\dronesimulation\solution\dronesimulation\x64\debug\dronesimulation.tlog\link.command.1.tlog
c:\users\arielh\source\repos\dronesimulation\solution\dronesimulation\x64\debug\dronesimulation.tlog\link.read.1.tlog
c:\users\arielh\source\repos\dronesimulation\solution\dronesimulation\x64\debug\dronesimulation.tlog\link.write.1.tlog
c:\users\arielh\source\repos\dronesimulation\solution\dronesimulation\x64\debug\dronesimulation.tlog\rc.command.1.tlog
c:\users\arielh\source\repos\dronesimulation\solution\dronesimulation\x64\debug\dronesimulation.tlog\rc.read.1.tlog
c:\users\arielh\source\repos\dronesimulation\solution\dronesimulation\x64\debug\dronesimulation.tlog\rc.write.1.tlog
